<?xml version="1.0" encoding="UTF-8"?>
<!-- Generated by org.testng.reporters.JUnitReportReporter -->
<testsuite hostname="DESKTOP-BN1HDA4" failures="0" tests="2" name="tuto.eclipse.jal.selenium.ng.TestBookingNG" time="23.708" errors="0" timestamp="04 juin 2019 08:48:45 GMT" skipped="0">
  <testcase classname="tuto.eclipse.jal.selenium.ng.TestBookingNG" name="verifyHomepageTitle" time="6.287"/>
  <testcase classname="tuto.eclipse.jal.selenium.ng.TestBookingNG" name="verifyWeFindFlights" time="17.421"/>
</testsuite> <!-- tuto.eclipse.jal.selenium.ng.TestBookingNG -->
